ARM GAS  C:\Users\7636~1\AppData\Local\Temp\ccxsW1hp.s 			page 1


   1              		.cpu cortex-m4
   2              		.arch armv7e-m
   3              		.fpu fpv4-sp-d16
   4              		.eabi_attribute 27, 1
   5              		.eabi_attribute 28, 1
   6              		.eabi_attribute 20, 1
   7              		.eabi_attribute 21, 1
   8              		.eabi_attribute 23, 3
   9              		.eabi_attribute 24, 1
  10              		.eabi_attribute 25, 1
  11              		.eabi_attribute 26, 1
  12              		.eabi_attribute 30, 1
  13              		.eabi_attribute 34, 1
  14              		.eabi_attribute 18, 4
  15              		.file	"stm32f4xx_it.c"
  16              		.text
  17              	.Ltext0:
  18              		.cfi_sections	.debug_frame
  19              		.section	.text.NMI_Handler,"ax",%progbits
  20              		.align	1
  21              		.global	NMI_Handler
  22              		.syntax unified
  23              		.thumb
  24              		.thumb_func
  26              	NMI_Handler:
  27              	.LFB635:
  28              		.file 1 "Src/stm32f4xx_it.c"
   1:Src/stm32f4xx_it.c **** /* USER CODE BEGIN Header */
   2:Src/stm32f4xx_it.c **** /**
   3:Src/stm32f4xx_it.c ****   ******************************************************************************
   4:Src/stm32f4xx_it.c ****   * @file    stm32f4xx_it.c
   5:Src/stm32f4xx_it.c ****   * @brief   Interrupt Service Routines.
   6:Src/stm32f4xx_it.c ****   ******************************************************************************
   7:Src/stm32f4xx_it.c ****   * @attention
   8:Src/stm32f4xx_it.c ****   *
   9:Src/stm32f4xx_it.c ****   * <h2><center>&copy; Copyright (c) 2022 STMicroelectronics.
  10:Src/stm32f4xx_it.c ****   * All rights reserved.</center></h2>
  11:Src/stm32f4xx_it.c ****   *
  12:Src/stm32f4xx_it.c ****   * This software component is licensed by ST under Ultimate Liberty license
  13:Src/stm32f4xx_it.c ****   * SLA0044, the "License"; You may not use this file except in compliance with
  14:Src/stm32f4xx_it.c ****   * the License. You may obtain a copy of the License at:
  15:Src/stm32f4xx_it.c ****   *                             www.st.com/SLA0044
  16:Src/stm32f4xx_it.c ****   *
  17:Src/stm32f4xx_it.c ****   ******************************************************************************
  18:Src/stm32f4xx_it.c ****   */
  19:Src/stm32f4xx_it.c **** /* USER CODE END Header */
  20:Src/stm32f4xx_it.c **** 
  21:Src/stm32f4xx_it.c **** /* Includes ------------------------------------------------------------------*/
  22:Src/stm32f4xx_it.c **** #include "main.h"
  23:Src/stm32f4xx_it.c **** #include "stm32f4xx_it.h"
  24:Src/stm32f4xx_it.c **** /* Private includes ----------------------------------------------------------*/
  25:Src/stm32f4xx_it.c **** /* USER CODE BEGIN Includes */
  26:Src/stm32f4xx_it.c **** /* USER CODE END Includes */
  27:Src/stm32f4xx_it.c **** 
  28:Src/stm32f4xx_it.c **** /* Private typedef -----------------------------------------------------------*/
  29:Src/stm32f4xx_it.c **** /* USER CODE BEGIN TD */
  30:Src/stm32f4xx_it.c **** 
ARM GAS  C:\Users\7636~1\AppData\Local\Temp\ccxsW1hp.s 			page 2


  31:Src/stm32f4xx_it.c **** /* USER CODE END TD */
  32:Src/stm32f4xx_it.c **** 
  33:Src/stm32f4xx_it.c **** /* Private define ------------------------------------------------------------*/
  34:Src/stm32f4xx_it.c **** /* USER CODE BEGIN PD */
  35:Src/stm32f4xx_it.c **** 
  36:Src/stm32f4xx_it.c **** /* USER CODE END PD */
  37:Src/stm32f4xx_it.c **** 
  38:Src/stm32f4xx_it.c **** /* Private macro -------------------------------------------------------------*/
  39:Src/stm32f4xx_it.c **** /* USER CODE BEGIN PM */
  40:Src/stm32f4xx_it.c **** 
  41:Src/stm32f4xx_it.c **** /* USER CODE END PM */
  42:Src/stm32f4xx_it.c **** 
  43:Src/stm32f4xx_it.c **** /* Private variables ---------------------------------------------------------*/
  44:Src/stm32f4xx_it.c **** /* USER CODE BEGIN PV */
  45:Src/stm32f4xx_it.c **** 
  46:Src/stm32f4xx_it.c **** /* USER CODE END PV */
  47:Src/stm32f4xx_it.c **** 
  48:Src/stm32f4xx_it.c **** /* Private function prototypes -----------------------------------------------*/
  49:Src/stm32f4xx_it.c **** /* USER CODE BEGIN PFP */
  50:Src/stm32f4xx_it.c **** 
  51:Src/stm32f4xx_it.c **** /* USER CODE END PFP */
  52:Src/stm32f4xx_it.c **** 
  53:Src/stm32f4xx_it.c **** /* Private user code ---------------------------------------------------------*/
  54:Src/stm32f4xx_it.c **** /* USER CODE BEGIN 0 */
  55:Src/stm32f4xx_it.c **** 
  56:Src/stm32f4xx_it.c **** /* USER CODE END 0 */
  57:Src/stm32f4xx_it.c **** 
  58:Src/stm32f4xx_it.c **** /* External variables --------------------------------------------------------*/
  59:Src/stm32f4xx_it.c **** extern PCD_HandleTypeDef hpcd_USB_OTG_FS;
  60:Src/stm32f4xx_it.c **** extern DMA_HandleTypeDef hdma_adc1;
  61:Src/stm32f4xx_it.c **** extern DMA_HandleTypeDef hdma_i2c1_rx;
  62:Src/stm32f4xx_it.c **** extern DMA_HandleTypeDef hdma_i2c1_tx;
  63:Src/stm32f4xx_it.c **** extern RTC_HandleTypeDef hrtc;
  64:Src/stm32f4xx_it.c **** extern DMA_HandleTypeDef hdma_spi1_rx;
  65:Src/stm32f4xx_it.c **** extern DMA_HandleTypeDef hdma_spi1_tx;
  66:Src/stm32f4xx_it.c **** extern TIM_HandleTypeDef htim1;
  67:Src/stm32f4xx_it.c **** extern TIM_HandleTypeDef htim3;
  68:Src/stm32f4xx_it.c **** extern TIM_HandleTypeDef htim10;
  69:Src/stm32f4xx_it.c **** extern DMA_HandleTypeDef hdma_usart1_rx;
  70:Src/stm32f4xx_it.c **** extern DMA_HandleTypeDef hdma_usart1_tx;
  71:Src/stm32f4xx_it.c **** /* USER CODE BEGIN EV */
  72:Src/stm32f4xx_it.c **** 
  73:Src/stm32f4xx_it.c **** /* USER CODE END EV */
  74:Src/stm32f4xx_it.c **** 
  75:Src/stm32f4xx_it.c **** /******************************************************************************/
  76:Src/stm32f4xx_it.c **** /*           Cortex-M4 Processor Interruption and Exception Handlers          */
  77:Src/stm32f4xx_it.c **** /******************************************************************************/
  78:Src/stm32f4xx_it.c **** /**
  79:Src/stm32f4xx_it.c ****   * @brief This function handles Non maskable interrupt.
  80:Src/stm32f4xx_it.c ****   */
  81:Src/stm32f4xx_it.c **** void NMI_Handler(void)
  82:Src/stm32f4xx_it.c **** {
  29              		.loc 1 82 1 view -0
  30              		.cfi_startproc
  31              		@ Volatile: function does not return.
  32              		@ args = 0, pretend = 0, frame = 0
  33              		@ frame_needed = 0, uses_anonymous_args = 0
ARM GAS  C:\Users\7636~1\AppData\Local\Temp\ccxsW1hp.s 			page 3


  34 0000 08B5     		push	{r3, lr}
  35              	.LCFI0:
  36              		.cfi_def_cfa_offset 8
  37              		.cfi_offset 3, -8
  38              		.cfi_offset 14, -4
  83:Src/stm32f4xx_it.c ****   /* USER CODE BEGIN NonMaskableInt_IRQn 0 */
  84:Src/stm32f4xx_it.c **** 
  85:Src/stm32f4xx_it.c ****   /* USER CODE END NonMaskableInt_IRQn 0 */
  86:Src/stm32f4xx_it.c ****   HAL_RCC_NMI_IRQHandler();
  39              		.loc 1 86 3 view .LVU1
  40 0002 FFF7FEFF 		bl	HAL_RCC_NMI_IRQHandler
  41              	.LVL0:
  42              	.L2:
  87:Src/stm32f4xx_it.c ****   /* USER CODE BEGIN NonMaskableInt_IRQn 1 */
  88:Src/stm32f4xx_it.c ****   while (1)
  43              		.loc 1 88 3 discriminator 1 view .LVU2
  89:Src/stm32f4xx_it.c ****   {
  90:Src/stm32f4xx_it.c ****   }
  44              		.loc 1 90 3 discriminator 1 view .LVU3
  88:Src/stm32f4xx_it.c ****   {
  45              		.loc 1 88 9 discriminator 1 view .LVU4
  46 0006 FEE7     		b	.L2
  47              		.cfi_endproc
  48              	.LFE635:
  50              		.section	.text.HardFault_Handler,"ax",%progbits
  51              		.align	1
  52              		.global	HardFault_Handler
  53              		.syntax unified
  54              		.thumb
  55              		.thumb_func
  57              	HardFault_Handler:
  58              	.LFB636:
  91:Src/stm32f4xx_it.c ****   /* USER CODE END NonMaskableInt_IRQn 1 */
  92:Src/stm32f4xx_it.c **** }
  93:Src/stm32f4xx_it.c **** 
  94:Src/stm32f4xx_it.c **** /**
  95:Src/stm32f4xx_it.c ****   * @brief This function handles Hard fault interrupt.
  96:Src/stm32f4xx_it.c ****   */
  97:Src/stm32f4xx_it.c **** void HardFault_Handler(void)
  98:Src/stm32f4xx_it.c **** {
  59              		.loc 1 98 1 view -0
  60              		.cfi_startproc
  61              		@ Volatile: function does not return.
  62              		@ args = 0, pretend = 0, frame = 0
  63              		@ frame_needed = 0, uses_anonymous_args = 0
  64              		@ link register save eliminated.
  65              	.L5:
  99:Src/stm32f4xx_it.c ****   /* USER CODE BEGIN HardFault_IRQn 0 */
 100:Src/stm32f4xx_it.c **** 
 101:Src/stm32f4xx_it.c ****   /* USER CODE END HardFault_IRQn 0 */
 102:Src/stm32f4xx_it.c ****   while (1)
  66              		.loc 1 102 3 discriminator 1 view .LVU6
 103:Src/stm32f4xx_it.c ****   {
 104:Src/stm32f4xx_it.c ****     /* USER CODE BEGIN W1_HardFault_IRQn 0 */
 105:Src/stm32f4xx_it.c ****     /* USER CODE END W1_HardFault_IRQn 0 */
 106:Src/stm32f4xx_it.c ****   }
  67              		.loc 1 106 3 discriminator 1 view .LVU7
ARM GAS  C:\Users\7636~1\AppData\Local\Temp\ccxsW1hp.s 			page 4


 102:Src/stm32f4xx_it.c ****   {
  68              		.loc 1 102 9 discriminator 1 view .LVU8
  69 0000 FEE7     		b	.L5
  70              		.cfi_endproc
  71              	.LFE636:
  73              		.section	.text.MemManage_Handler,"ax",%progbits
  74              		.align	1
  75              		.global	MemManage_Handler
  76              		.syntax unified
  77              		.thumb
  78              		.thumb_func
  80              	MemManage_Handler:
  81              	.LFB637:
 107:Src/stm32f4xx_it.c **** }
 108:Src/stm32f4xx_it.c **** 
 109:Src/stm32f4xx_it.c **** /**
 110:Src/stm32f4xx_it.c ****   * @brief This function handles Memory management fault.
 111:Src/stm32f4xx_it.c ****   */
 112:Src/stm32f4xx_it.c **** void MemManage_Handler(void)
 113:Src/stm32f4xx_it.c **** {
  82              		.loc 1 113 1 view -0
  83              		.cfi_startproc
  84              		@ Volatile: function does not return.
  85              		@ args = 0, pretend = 0, frame = 0
  86              		@ frame_needed = 0, uses_anonymous_args = 0
  87              		@ link register save eliminated.
  88              	.L7:
 114:Src/stm32f4xx_it.c ****   /* USER CODE BEGIN MemoryManagement_IRQn 0 */
 115:Src/stm32f4xx_it.c **** 
 116:Src/stm32f4xx_it.c ****   /* USER CODE END MemoryManagement_IRQn 0 */
 117:Src/stm32f4xx_it.c ****   while (1)
  89              		.loc 1 117 3 discriminator 1 view .LVU10
 118:Src/stm32f4xx_it.c ****   {
 119:Src/stm32f4xx_it.c ****     /* USER CODE BEGIN W1_MemoryManagement_IRQn 0 */
 120:Src/stm32f4xx_it.c ****     /* USER CODE END W1_MemoryManagement_IRQn 0 */
 121:Src/stm32f4xx_it.c ****   }
  90              		.loc 1 121 3 discriminator 1 view .LVU11
 117:Src/stm32f4xx_it.c ****   {
  91              		.loc 1 117 9 discriminator 1 view .LVU12
  92 0000 FEE7     		b	.L7
  93              		.cfi_endproc
  94              	.LFE637:
  96              		.section	.text.BusFault_Handler,"ax",%progbits
  97              		.align	1
  98              		.global	BusFault_Handler
  99              		.syntax unified
 100              		.thumb
 101              		.thumb_func
 103              	BusFault_Handler:
 104              	.LFB638:
 122:Src/stm32f4xx_it.c **** }
 123:Src/stm32f4xx_it.c **** 
 124:Src/stm32f4xx_it.c **** /**
 125:Src/stm32f4xx_it.c ****   * @brief This function handles Pre-fetch fault, memory access fault.
 126:Src/stm32f4xx_it.c ****   */
 127:Src/stm32f4xx_it.c **** void BusFault_Handler(void)
 128:Src/stm32f4xx_it.c **** {
ARM GAS  C:\Users\7636~1\AppData\Local\Temp\ccxsW1hp.s 			page 5


 105              		.loc 1 128 1 view -0
 106              		.cfi_startproc
 107              		@ Volatile: function does not return.
 108              		@ args = 0, pretend = 0, frame = 0
 109              		@ frame_needed = 0, uses_anonymous_args = 0
 110              		@ link register save eliminated.
 111              	.L9:
 129:Src/stm32f4xx_it.c ****   /* USER CODE BEGIN BusFault_IRQn 0 */
 130:Src/stm32f4xx_it.c **** 
 131:Src/stm32f4xx_it.c ****   /* USER CODE END BusFault_IRQn 0 */
 132:Src/stm32f4xx_it.c ****   while (1)
 112              		.loc 1 132 3 discriminator 1 view .LVU14
 133:Src/stm32f4xx_it.c ****   {
 134:Src/stm32f4xx_it.c ****     /* USER CODE BEGIN W1_BusFault_IRQn 0 */
 135:Src/stm32f4xx_it.c ****     /* USER CODE END W1_BusFault_IRQn 0 */
 136:Src/stm32f4xx_it.c ****   }
 113              		.loc 1 136 3 discriminator 1 view .LVU15
 132:Src/stm32f4xx_it.c ****   {
 114              		.loc 1 132 9 discriminator 1 view .LVU16
 115 0000 FEE7     		b	.L9
 116              		.cfi_endproc
 117              	.LFE638:
 119              		.section	.text.UsageFault_Handler,"ax",%progbits
 120              		.align	1
 121              		.global	UsageFault_Handler
 122              		.syntax unified
 123              		.thumb
 124              		.thumb_func
 126              	UsageFault_Handler:
 127              	.LFB639:
 137:Src/stm32f4xx_it.c **** }
 138:Src/stm32f4xx_it.c **** 
 139:Src/stm32f4xx_it.c **** /**
 140:Src/stm32f4xx_it.c ****   * @brief This function handles Undefined instruction or illegal state.
 141:Src/stm32f4xx_it.c ****   */
 142:Src/stm32f4xx_it.c **** void UsageFault_Handler(void)
 143:Src/stm32f4xx_it.c **** {
 128              		.loc 1 143 1 view -0
 129              		.cfi_startproc
 130              		@ Volatile: function does not return.
 131              		@ args = 0, pretend = 0, frame = 0
 132              		@ frame_needed = 0, uses_anonymous_args = 0
 133              		@ link register save eliminated.
 134              	.L11:
 144:Src/stm32f4xx_it.c ****   /* USER CODE BEGIN UsageFault_IRQn 0 */
 145:Src/stm32f4xx_it.c **** 
 146:Src/stm32f4xx_it.c ****   /* USER CODE END UsageFault_IRQn 0 */
 147:Src/stm32f4xx_it.c ****   while (1)
 135              		.loc 1 147 3 discriminator 1 view .LVU18
 148:Src/stm32f4xx_it.c ****   {
 149:Src/stm32f4xx_it.c ****     /* USER CODE BEGIN W1_UsageFault_IRQn 0 */
 150:Src/stm32f4xx_it.c ****     /* USER CODE END W1_UsageFault_IRQn 0 */
 151:Src/stm32f4xx_it.c ****   }
 136              		.loc 1 151 3 discriminator 1 view .LVU19
 147:Src/stm32f4xx_it.c ****   {
 137              		.loc 1 147 9 discriminator 1 view .LVU20
 138 0000 FEE7     		b	.L11
ARM GAS  C:\Users\7636~1\AppData\Local\Temp\ccxsW1hp.s 			page 6


 139              		.cfi_endproc
 140              	.LFE639:
 142              		.section	.text.SVC_Handler,"ax",%progbits
 143              		.align	1
 144              		.global	SVC_Handler
 145              		.syntax unified
 146              		.thumb
 147              		.thumb_func
 149              	SVC_Handler:
 150              	.LFB640:
 152:Src/stm32f4xx_it.c **** }
 153:Src/stm32f4xx_it.c **** 
 154:Src/stm32f4xx_it.c **** /**
 155:Src/stm32f4xx_it.c ****   * @brief This function handles System service call via SWI instruction.
 156:Src/stm32f4xx_it.c ****   */
 157:Src/stm32f4xx_it.c **** void SVC_Handler(void)
 158:Src/stm32f4xx_it.c **** {
 151              		.loc 1 158 1 view -0
 152              		.cfi_startproc
 153              		@ args = 0, pretend = 0, frame = 0
 154              		@ frame_needed = 0, uses_anonymous_args = 0
 155              		@ link register save eliminated.
 159:Src/stm32f4xx_it.c ****   /* USER CODE BEGIN SVCall_IRQn 0 */
 160:Src/stm32f4xx_it.c **** 
 161:Src/stm32f4xx_it.c ****   /* USER CODE END SVCall_IRQn 0 */
 162:Src/stm32f4xx_it.c ****   /* USER CODE BEGIN SVCall_IRQn 1 */
 163:Src/stm32f4xx_it.c **** 
 164:Src/stm32f4xx_it.c ****   /* USER CODE END SVCall_IRQn 1 */
 165:Src/stm32f4xx_it.c **** }
 156              		.loc 1 165 1 view .LVU22
 157 0000 7047     		bx	lr
 158              		.cfi_endproc
 159              	.LFE640:
 161              		.section	.text.DebugMon_Handler,"ax",%progbits
 162              		.align	1
 163              		.global	DebugMon_Handler
 164              		.syntax unified
 165              		.thumb
 166              		.thumb_func
 168              	DebugMon_Handler:
 169              	.LFB641:
 166:Src/stm32f4xx_it.c **** 
 167:Src/stm32f4xx_it.c **** /**
 168:Src/stm32f4xx_it.c ****   * @brief This function handles Debug monitor.
 169:Src/stm32f4xx_it.c ****   */
 170:Src/stm32f4xx_it.c **** void DebugMon_Handler(void)
 171:Src/stm32f4xx_it.c **** {
 170              		.loc 1 171 1 view -0
 171              		.cfi_startproc
 172              		@ args = 0, pretend = 0, frame = 0
 173              		@ frame_needed = 0, uses_anonymous_args = 0
 174              		@ link register save eliminated.
 172:Src/stm32f4xx_it.c ****   /* USER CODE BEGIN DebugMonitor_IRQn 0 */
 173:Src/stm32f4xx_it.c **** 
 174:Src/stm32f4xx_it.c ****   /* USER CODE END DebugMonitor_IRQn 0 */
 175:Src/stm32f4xx_it.c ****   /* USER CODE BEGIN DebugMonitor_IRQn 1 */
 176:Src/stm32f4xx_it.c **** 
ARM GAS  C:\Users\7636~1\AppData\Local\Temp\ccxsW1hp.s 			page 7


 177:Src/stm32f4xx_it.c ****   /* USER CODE END DebugMonitor_IRQn 1 */
 178:Src/stm32f4xx_it.c **** }
 175              		.loc 1 178 1 view .LVU24
 176 0000 7047     		bx	lr
 177              		.cfi_endproc
 178              	.LFE641:
 180              		.section	.text.PendSV_Handler,"ax",%progbits
 181              		.align	1
 182              		.global	PendSV_Handler
 183              		.syntax unified
 184              		.thumb
 185              		.thumb_func
 187              	PendSV_Handler:
 188              	.LFB642:
 179:Src/stm32f4xx_it.c **** 
 180:Src/stm32f4xx_it.c **** /**
 181:Src/stm32f4xx_it.c ****   * @brief This function handles Pendable request for system service.
 182:Src/stm32f4xx_it.c ****   */
 183:Src/stm32f4xx_it.c **** void PendSV_Handler(void)
 184:Src/stm32f4xx_it.c **** {
 189              		.loc 1 184 1 view -0
 190              		.cfi_startproc
 191              		@ args = 0, pretend = 0, frame = 0
 192              		@ frame_needed = 0, uses_anonymous_args = 0
 193              		@ link register save eliminated.
 185:Src/stm32f4xx_it.c ****   /* USER CODE BEGIN PendSV_IRQn 0 */
 186:Src/stm32f4xx_it.c **** 
 187:Src/stm32f4xx_it.c ****   /* USER CODE END PendSV_IRQn 0 */
 188:Src/stm32f4xx_it.c ****   /* USER CODE BEGIN PendSV_IRQn 1 */
 189:Src/stm32f4xx_it.c **** 
 190:Src/stm32f4xx_it.c ****   /* USER CODE END PendSV_IRQn 1 */
 191:Src/stm32f4xx_it.c **** }
 194              		.loc 1 191 1 view .LVU26
 195 0000 7047     		bx	lr
 196              		.cfi_endproc
 197              	.LFE642:
 199              		.section	.text.SysTick_Handler,"ax",%progbits
 200              		.align	1
 201              		.global	SysTick_Handler
 202              		.syntax unified
 203              		.thumb
 204              		.thumb_func
 206              	SysTick_Handler:
 207              	.LFB643:
 192:Src/stm32f4xx_it.c **** 
 193:Src/stm32f4xx_it.c **** /**
 194:Src/stm32f4xx_it.c ****   * @brief This function handles System tick timer.
 195:Src/stm32f4xx_it.c ****   */
 196:Src/stm32f4xx_it.c **** void SysTick_Handler(void)
 197:Src/stm32f4xx_it.c **** {
 208              		.loc 1 197 1 view -0
 209              		.cfi_startproc
 210              		@ args = 0, pretend = 0, frame = 0
 211              		@ frame_needed = 0, uses_anonymous_args = 0
 212 0000 08B5     		push	{r3, lr}
 213              	.LCFI1:
 214              		.cfi_def_cfa_offset 8
ARM GAS  C:\Users\7636~1\AppData\Local\Temp\ccxsW1hp.s 			page 8


 215              		.cfi_offset 3, -8
 216              		.cfi_offset 14, -4
 198:Src/stm32f4xx_it.c ****   /* USER CODE BEGIN SysTick_IRQn 0 */
 199:Src/stm32f4xx_it.c **** 
 200:Src/stm32f4xx_it.c ****   /* USER CODE END SysTick_IRQn 0 */
 201:Src/stm32f4xx_it.c ****   HAL_IncTick();
 217              		.loc 1 201 3 view .LVU28
 218 0002 FFF7FEFF 		bl	HAL_IncTick
 219              	.LVL1:
 202:Src/stm32f4xx_it.c ****   /* USER CODE BEGIN SysTick_IRQn 1 */
 203:Src/stm32f4xx_it.c **** 
 204:Src/stm32f4xx_it.c ****   /* USER CODE END SysTick_IRQn 1 */
 205:Src/stm32f4xx_it.c **** }
 220              		.loc 1 205 1 is_stmt 0 view .LVU29
 221 0006 08BD     		pop	{r3, pc}
 222              		.cfi_endproc
 223              	.LFE643:
 225              		.section	.text.DMA1_Stream0_IRQHandler,"ax",%progbits
 226              		.align	1
 227              		.global	DMA1_Stream0_IRQHandler
 228              		.syntax unified
 229              		.thumb
 230              		.thumb_func
 232              	DMA1_Stream0_IRQHandler:
 233              	.LFB644:
 206:Src/stm32f4xx_it.c **** 
 207:Src/stm32f4xx_it.c **** /******************************************************************************/
 208:Src/stm32f4xx_it.c **** /* STM32F4xx Peripheral Interrupt Handlers                                    */
 209:Src/stm32f4xx_it.c **** /* Add here the Interrupt Handlers for the used peripherals.                  */
 210:Src/stm32f4xx_it.c **** /* For the available peripheral interrupt handler names,                      */
 211:Src/stm32f4xx_it.c **** /* please refer to the startup file (startup_stm32f4xx.s).                    */
 212:Src/stm32f4xx_it.c **** /******************************************************************************/
 213:Src/stm32f4xx_it.c **** 
 214:Src/stm32f4xx_it.c **** /**
 215:Src/stm32f4xx_it.c ****   * @brief This function handles DMA1 stream0 global interrupt.
 216:Src/stm32f4xx_it.c ****   */
 217:Src/stm32f4xx_it.c **** void DMA1_Stream0_IRQHandler(void)
 218:Src/stm32f4xx_it.c **** {
 234              		.loc 1 218 1 is_stmt 1 view -0
 235              		.cfi_startproc
 236              		@ args = 0, pretend = 0, frame = 0
 237              		@ frame_needed = 0, uses_anonymous_args = 0
 238 0000 08B5     		push	{r3, lr}
 239              	.LCFI2:
 240              		.cfi_def_cfa_offset 8
 241              		.cfi_offset 3, -8
 242              		.cfi_offset 14, -4
 219:Src/stm32f4xx_it.c ****   /* USER CODE BEGIN DMA1_Stream0_IRQn 0 */
 220:Src/stm32f4xx_it.c **** 
 221:Src/stm32f4xx_it.c ****   /* USER CODE END DMA1_Stream0_IRQn 0 */
 222:Src/stm32f4xx_it.c ****   HAL_DMA_IRQHandler(&hdma_i2c1_rx);
 243              		.loc 1 222 3 view .LVU31
 244 0002 0248     		ldr	r0, .L19
 245 0004 FFF7FEFF 		bl	HAL_DMA_IRQHandler
 246              	.LVL2:
 223:Src/stm32f4xx_it.c ****   /* USER CODE BEGIN DMA1_Stream0_IRQn 1 */
 224:Src/stm32f4xx_it.c **** 
ARM GAS  C:\Users\7636~1\AppData\Local\Temp\ccxsW1hp.s 			page 9


 225:Src/stm32f4xx_it.c ****   /* USER CODE END DMA1_Stream0_IRQn 1 */
 226:Src/stm32f4xx_it.c **** }
 247              		.loc 1 226 1 is_stmt 0 view .LVU32
 248 0008 08BD     		pop	{r3, pc}
 249              	.L20:
 250 000a 00BF     		.align	2
 251              	.L19:
 252 000c 00000000 		.word	hdma_i2c1_rx
 253              		.cfi_endproc
 254              	.LFE644:
 256              		.section	.text.TIM1_UP_TIM10_IRQHandler,"ax",%progbits
 257              		.align	1
 258              		.global	TIM1_UP_TIM10_IRQHandler
 259              		.syntax unified
 260              		.thumb
 261              		.thumb_func
 263              	TIM1_UP_TIM10_IRQHandler:
 264              	.LFB645:
 227:Src/stm32f4xx_it.c **** 
 228:Src/stm32f4xx_it.c **** /**
 229:Src/stm32f4xx_it.c ****   * @brief This function handles TIM1 update interrupt and TIM10 global interrupt.
 230:Src/stm32f4xx_it.c ****   */
 231:Src/stm32f4xx_it.c **** void TIM1_UP_TIM10_IRQHandler(void)
 232:Src/stm32f4xx_it.c **** {
 265              		.loc 1 232 1 is_stmt 1 view -0
 266              		.cfi_startproc
 267              		@ args = 0, pretend = 0, frame = 0
 268              		@ frame_needed = 0, uses_anonymous_args = 0
 269 0000 08B5     		push	{r3, lr}
 270              	.LCFI3:
 271              		.cfi_def_cfa_offset 8
 272              		.cfi_offset 3, -8
 273              		.cfi_offset 14, -4
 233:Src/stm32f4xx_it.c ****   /* USER CODE BEGIN TIM1_UP_TIM10_IRQn 0 */
 234:Src/stm32f4xx_it.c **** 
 235:Src/stm32f4xx_it.c ****   /* USER CODE END TIM1_UP_TIM10_IRQn 0 */
 236:Src/stm32f4xx_it.c ****   HAL_TIM_IRQHandler(&htim1);
 274              		.loc 1 236 3 view .LVU34
 275 0002 0348     		ldr	r0, .L23
 276 0004 FFF7FEFF 		bl	HAL_TIM_IRQHandler
 277              	.LVL3:
 237:Src/stm32f4xx_it.c ****   HAL_TIM_IRQHandler(&htim10);
 278              		.loc 1 237 3 view .LVU35
 279 0008 0248     		ldr	r0, .L23+4
 280 000a FFF7FEFF 		bl	HAL_TIM_IRQHandler
 281              	.LVL4:
 238:Src/stm32f4xx_it.c ****   /* USER CODE BEGIN TIM1_UP_TIM10_IRQn 1 */
 239:Src/stm32f4xx_it.c **** 
 240:Src/stm32f4xx_it.c ****   /* USER CODE END TIM1_UP_TIM10_IRQn 1 */
 241:Src/stm32f4xx_it.c **** }
 282              		.loc 1 241 1 is_stmt 0 view .LVU36
 283 000e 08BD     		pop	{r3, pc}
 284              	.L24:
 285              		.align	2
 286              	.L23:
 287 0010 00000000 		.word	htim1
 288 0014 00000000 		.word	htim10
ARM GAS  C:\Users\7636~1\AppData\Local\Temp\ccxsW1hp.s 			page 10


 289              		.cfi_endproc
 290              	.LFE645:
 292              		.section	.text.TIM3_IRQHandler,"ax",%progbits
 293              		.align	1
 294              		.global	TIM3_IRQHandler
 295              		.syntax unified
 296              		.thumb
 297              		.thumb_func
 299              	TIM3_IRQHandler:
 300              	.LFB646:
 242:Src/stm32f4xx_it.c **** 
 243:Src/stm32f4xx_it.c **** /**
 244:Src/stm32f4xx_it.c ****   * @brief This function handles TIM3 global interrupt.
 245:Src/stm32f4xx_it.c ****   */
 246:Src/stm32f4xx_it.c **** void TIM3_IRQHandler(void)
 247:Src/stm32f4xx_it.c **** {
 301              		.loc 1 247 1 is_stmt 1 view -0
 302              		.cfi_startproc
 303              		@ args = 0, pretend = 0, frame = 0
 304              		@ frame_needed = 0, uses_anonymous_args = 0
 305 0000 08B5     		push	{r3, lr}
 306              	.LCFI4:
 307              		.cfi_def_cfa_offset 8
 308              		.cfi_offset 3, -8
 309              		.cfi_offset 14, -4
 248:Src/stm32f4xx_it.c ****   /* USER CODE BEGIN TIM3_IRQn 0 */
 249:Src/stm32f4xx_it.c **** 
 250:Src/stm32f4xx_it.c ****   /* USER CODE END TIM3_IRQn 0 */
 251:Src/stm32f4xx_it.c ****   HAL_TIM_IRQHandler(&htim3);
 310              		.loc 1 251 3 view .LVU38
 311 0002 0248     		ldr	r0, .L27
 312 0004 FFF7FEFF 		bl	HAL_TIM_IRQHandler
 313              	.LVL5:
 252:Src/stm32f4xx_it.c ****   /* USER CODE BEGIN TIM3_IRQn 1 */
 253:Src/stm32f4xx_it.c **** 
 254:Src/stm32f4xx_it.c ****   /* USER CODE END TIM3_IRQn 1 */
 255:Src/stm32f4xx_it.c **** }
 314              		.loc 1 255 1 is_stmt 0 view .LVU39
 315 0008 08BD     		pop	{r3, pc}
 316              	.L28:
 317 000a 00BF     		.align	2
 318              	.L27:
 319 000c 00000000 		.word	htim3
 320              		.cfi_endproc
 321              	.LFE646:
 323              		.section	.text.RTC_Alarm_IRQHandler,"ax",%progbits
 324              		.align	1
 325              		.global	RTC_Alarm_IRQHandler
 326              		.syntax unified
 327              		.thumb
 328              		.thumb_func
 330              	RTC_Alarm_IRQHandler:
 331              	.LFB647:
 256:Src/stm32f4xx_it.c **** 
 257:Src/stm32f4xx_it.c **** /**
 258:Src/stm32f4xx_it.c ****   * @brief This function handles RTC alarms A and B interrupt through EXTI line 17.
 259:Src/stm32f4xx_it.c ****   */
ARM GAS  C:\Users\7636~1\AppData\Local\Temp\ccxsW1hp.s 			page 11


 260:Src/stm32f4xx_it.c **** void RTC_Alarm_IRQHandler(void)
 261:Src/stm32f4xx_it.c **** {
 332              		.loc 1 261 1 is_stmt 1 view -0
 333              		.cfi_startproc
 334              		@ args = 0, pretend = 0, frame = 0
 335              		@ frame_needed = 0, uses_anonymous_args = 0
 336 0000 08B5     		push	{r3, lr}
 337              	.LCFI5:
 338              		.cfi_def_cfa_offset 8
 339              		.cfi_offset 3, -8
 340              		.cfi_offset 14, -4
 262:Src/stm32f4xx_it.c ****   /* USER CODE BEGIN RTC_Alarm_IRQn 0 */
 263:Src/stm32f4xx_it.c **** 
 264:Src/stm32f4xx_it.c ****   /* USER CODE END RTC_Alarm_IRQn 0 */
 265:Src/stm32f4xx_it.c ****   HAL_RTC_AlarmIRQHandler(&hrtc);
 341              		.loc 1 265 3 view .LVU41
 342 0002 0248     		ldr	r0, .L31
 343 0004 FFF7FEFF 		bl	HAL_RTC_AlarmIRQHandler
 344              	.LVL6:
 266:Src/stm32f4xx_it.c ****   /* USER CODE BEGIN RTC_Alarm_IRQn 1 */
 267:Src/stm32f4xx_it.c **** 
 268:Src/stm32f4xx_it.c ****   /* USER CODE END RTC_Alarm_IRQn 1 */
 269:Src/stm32f4xx_it.c **** }
 345              		.loc 1 269 1 is_stmt 0 view .LVU42
 346 0008 08BD     		pop	{r3, pc}
 347              	.L32:
 348 000a 00BF     		.align	2
 349              	.L31:
 350 000c 00000000 		.word	hrtc
 351              		.cfi_endproc
 352              	.LFE647:
 354              		.section	.text.DMA1_Stream7_IRQHandler,"ax",%progbits
 355              		.align	1
 356              		.global	DMA1_Stream7_IRQHandler
 357              		.syntax unified
 358              		.thumb
 359              		.thumb_func
 361              	DMA1_Stream7_IRQHandler:
 362              	.LFB648:
 270:Src/stm32f4xx_it.c **** 
 271:Src/stm32f4xx_it.c **** /**
 272:Src/stm32f4xx_it.c ****   * @brief This function handles DMA1 stream7 global interrupt.
 273:Src/stm32f4xx_it.c ****   */
 274:Src/stm32f4xx_it.c **** void DMA1_Stream7_IRQHandler(void)
 275:Src/stm32f4xx_it.c **** {
 363              		.loc 1 275 1 is_stmt 1 view -0
 364              		.cfi_startproc
 365              		@ args = 0, pretend = 0, frame = 0
 366              		@ frame_needed = 0, uses_anonymous_args = 0
 367 0000 08B5     		push	{r3, lr}
 368              	.LCFI6:
 369              		.cfi_def_cfa_offset 8
 370              		.cfi_offset 3, -8
 371              		.cfi_offset 14, -4
 276:Src/stm32f4xx_it.c ****   /* USER CODE BEGIN DMA1_Stream7_IRQn 0 */
 277:Src/stm32f4xx_it.c **** 
 278:Src/stm32f4xx_it.c ****   /* USER CODE END DMA1_Stream7_IRQn 0 */
ARM GAS  C:\Users\7636~1\AppData\Local\Temp\ccxsW1hp.s 			page 12


 279:Src/stm32f4xx_it.c ****   HAL_DMA_IRQHandler(&hdma_i2c1_tx);
 372              		.loc 1 279 3 view .LVU44
 373 0002 0248     		ldr	r0, .L35
 374 0004 FFF7FEFF 		bl	HAL_DMA_IRQHandler
 375              	.LVL7:
 280:Src/stm32f4xx_it.c ****   /* USER CODE BEGIN DMA1_Stream7_IRQn 1 */
 281:Src/stm32f4xx_it.c **** 
 282:Src/stm32f4xx_it.c ****   /* USER CODE END DMA1_Stream7_IRQn 1 */
 283:Src/stm32f4xx_it.c **** }
 376              		.loc 1 283 1 is_stmt 0 view .LVU45
 377 0008 08BD     		pop	{r3, pc}
 378              	.L36:
 379 000a 00BF     		.align	2
 380              	.L35:
 381 000c 00000000 		.word	hdma_i2c1_tx
 382              		.cfi_endproc
 383              	.LFE648:
 385              		.section	.text.DMA2_Stream0_IRQHandler,"ax",%progbits
 386              		.align	1
 387              		.global	DMA2_Stream0_IRQHandler
 388              		.syntax unified
 389              		.thumb
 390              		.thumb_func
 392              	DMA2_Stream0_IRQHandler:
 393              	.LFB649:
 284:Src/stm32f4xx_it.c **** 
 285:Src/stm32f4xx_it.c **** /**
 286:Src/stm32f4xx_it.c ****   * @brief This function handles DMA2 stream0 global interrupt.
 287:Src/stm32f4xx_it.c ****   */
 288:Src/stm32f4xx_it.c **** void DMA2_Stream0_IRQHandler(void)
 289:Src/stm32f4xx_it.c **** {
 394              		.loc 1 289 1 is_stmt 1 view -0
 395              		.cfi_startproc
 396              		@ args = 0, pretend = 0, frame = 0
 397              		@ frame_needed = 0, uses_anonymous_args = 0
 398 0000 08B5     		push	{r3, lr}
 399              	.LCFI7:
 400              		.cfi_def_cfa_offset 8
 401              		.cfi_offset 3, -8
 402              		.cfi_offset 14, -4
 290:Src/stm32f4xx_it.c ****   /* USER CODE BEGIN DMA2_Stream0_IRQn 0 */
 291:Src/stm32f4xx_it.c **** 
 292:Src/stm32f4xx_it.c ****   /* USER CODE END DMA2_Stream0_IRQn 0 */
 293:Src/stm32f4xx_it.c ****   HAL_DMA_IRQHandler(&hdma_spi1_rx);
 403              		.loc 1 293 3 view .LVU47
 404 0002 0248     		ldr	r0, .L39
 405 0004 FFF7FEFF 		bl	HAL_DMA_IRQHandler
 406              	.LVL8:
 294:Src/stm32f4xx_it.c ****   /* USER CODE BEGIN DMA2_Stream0_IRQn 1 */
 295:Src/stm32f4xx_it.c **** 
 296:Src/stm32f4xx_it.c ****   /* USER CODE END DMA2_Stream0_IRQn 1 */
 297:Src/stm32f4xx_it.c **** }
 407              		.loc 1 297 1 is_stmt 0 view .LVU48
 408 0008 08BD     		pop	{r3, pc}
 409              	.L40:
 410 000a 00BF     		.align	2
 411              	.L39:
ARM GAS  C:\Users\7636~1\AppData\Local\Temp\ccxsW1hp.s 			page 13


 412 000c 00000000 		.word	hdma_spi1_rx
 413              		.cfi_endproc
 414              	.LFE649:
 416              		.section	.text.DMA2_Stream2_IRQHandler,"ax",%progbits
 417              		.align	1
 418              		.global	DMA2_Stream2_IRQHandler
 419              		.syntax unified
 420              		.thumb
 421              		.thumb_func
 423              	DMA2_Stream2_IRQHandler:
 424              	.LFB650:
 298:Src/stm32f4xx_it.c **** 
 299:Src/stm32f4xx_it.c **** /**
 300:Src/stm32f4xx_it.c ****   * @brief This function handles DMA2 stream2 global interrupt.
 301:Src/stm32f4xx_it.c ****   */
 302:Src/stm32f4xx_it.c **** void DMA2_Stream2_IRQHandler(void)
 303:Src/stm32f4xx_it.c **** {
 425              		.loc 1 303 1 is_stmt 1 view -0
 426              		.cfi_startproc
 427              		@ args = 0, pretend = 0, frame = 0
 428              		@ frame_needed = 0, uses_anonymous_args = 0
 429 0000 08B5     		push	{r3, lr}
 430              	.LCFI8:
 431              		.cfi_def_cfa_offset 8
 432              		.cfi_offset 3, -8
 433              		.cfi_offset 14, -4
 304:Src/stm32f4xx_it.c ****   /* USER CODE BEGIN DMA2_Stream2_IRQn 0 */
 305:Src/stm32f4xx_it.c **** 
 306:Src/stm32f4xx_it.c ****   /* USER CODE END DMA2_Stream2_IRQn 0 */
 307:Src/stm32f4xx_it.c ****   HAL_DMA_IRQHandler(&hdma_usart1_rx);
 434              		.loc 1 307 3 view .LVU50
 435 0002 0248     		ldr	r0, .L43
 436 0004 FFF7FEFF 		bl	HAL_DMA_IRQHandler
 437              	.LVL9:
 308:Src/stm32f4xx_it.c ****   /* USER CODE BEGIN DMA2_Stream2_IRQn 1 */
 309:Src/stm32f4xx_it.c **** 
 310:Src/stm32f4xx_it.c ****   /* USER CODE END DMA2_Stream2_IRQn 1 */
 311:Src/stm32f4xx_it.c **** }
 438              		.loc 1 311 1 is_stmt 0 view .LVU51
 439 0008 08BD     		pop	{r3, pc}
 440              	.L44:
 441 000a 00BF     		.align	2
 442              	.L43:
 443 000c 00000000 		.word	hdma_usart1_rx
 444              		.cfi_endproc
 445              	.LFE650:
 447              		.section	.text.DMA2_Stream3_IRQHandler,"ax",%progbits
 448              		.align	1
 449              		.global	DMA2_Stream3_IRQHandler
 450              		.syntax unified
 451              		.thumb
 452              		.thumb_func
 454              	DMA2_Stream3_IRQHandler:
 455              	.LFB651:
 312:Src/stm32f4xx_it.c **** 
 313:Src/stm32f4xx_it.c **** /**
 314:Src/stm32f4xx_it.c ****   * @brief This function handles DMA2 stream3 global interrupt.
ARM GAS  C:\Users\7636~1\AppData\Local\Temp\ccxsW1hp.s 			page 14


 315:Src/stm32f4xx_it.c ****   */
 316:Src/stm32f4xx_it.c **** void DMA2_Stream3_IRQHandler(void)
 317:Src/stm32f4xx_it.c **** {
 456              		.loc 1 317 1 is_stmt 1 view -0
 457              		.cfi_startproc
 458              		@ args = 0, pretend = 0, frame = 0
 459              		@ frame_needed = 0, uses_anonymous_args = 0
 460 0000 08B5     		push	{r3, lr}
 461              	.LCFI9:
 462              		.cfi_def_cfa_offset 8
 463              		.cfi_offset 3, -8
 464              		.cfi_offset 14, -4
 318:Src/stm32f4xx_it.c ****   /* USER CODE BEGIN DMA2_Stream3_IRQn 0 */
 319:Src/stm32f4xx_it.c **** 
 320:Src/stm32f4xx_it.c ****   /* USER CODE END DMA2_Stream3_IRQn 0 */
 321:Src/stm32f4xx_it.c ****   HAL_DMA_IRQHandler(&hdma_spi1_tx);
 465              		.loc 1 321 3 view .LVU53
 466 0002 0248     		ldr	r0, .L47
 467 0004 FFF7FEFF 		bl	HAL_DMA_IRQHandler
 468              	.LVL10:
 322:Src/stm32f4xx_it.c ****   /* USER CODE BEGIN DMA2_Stream3_IRQn 1 */
 323:Src/stm32f4xx_it.c **** 
 324:Src/stm32f4xx_it.c ****   /* USER CODE END DMA2_Stream3_IRQn 1 */
 325:Src/stm32f4xx_it.c **** }
 469              		.loc 1 325 1 is_stmt 0 view .LVU54
 470 0008 08BD     		pop	{r3, pc}
 471              	.L48:
 472 000a 00BF     		.align	2
 473              	.L47:
 474 000c 00000000 		.word	hdma_spi1_tx
 475              		.cfi_endproc
 476              	.LFE651:
 478              		.section	.text.DMA2_Stream4_IRQHandler,"ax",%progbits
 479              		.align	1
 480              		.global	DMA2_Stream4_IRQHandler
 481              		.syntax unified
 482              		.thumb
 483              		.thumb_func
 485              	DMA2_Stream4_IRQHandler:
 486              	.LFB652:
 326:Src/stm32f4xx_it.c **** 
 327:Src/stm32f4xx_it.c **** /**
 328:Src/stm32f4xx_it.c ****   * @brief This function handles DMA2 stream4 global interrupt.
 329:Src/stm32f4xx_it.c ****   */
 330:Src/stm32f4xx_it.c **** void DMA2_Stream4_IRQHandler(void)
 331:Src/stm32f4xx_it.c **** {
 487              		.loc 1 331 1 is_stmt 1 view -0
 488              		.cfi_startproc
 489              		@ args = 0, pretend = 0, frame = 0
 490              		@ frame_needed = 0, uses_anonymous_args = 0
 491 0000 08B5     		push	{r3, lr}
 492              	.LCFI10:
 493              		.cfi_def_cfa_offset 8
 494              		.cfi_offset 3, -8
 495              		.cfi_offset 14, -4
 332:Src/stm32f4xx_it.c ****   /* USER CODE BEGIN DMA2_Stream4_IRQn 0 */
 333:Src/stm32f4xx_it.c **** 
ARM GAS  C:\Users\7636~1\AppData\Local\Temp\ccxsW1hp.s 			page 15


 334:Src/stm32f4xx_it.c ****   /* USER CODE END DMA2_Stream4_IRQn 0 */
 335:Src/stm32f4xx_it.c ****   HAL_DMA_IRQHandler(&hdma_adc1);
 496              		.loc 1 335 3 view .LVU56
 497 0002 0248     		ldr	r0, .L51
 498 0004 FFF7FEFF 		bl	HAL_DMA_IRQHandler
 499              	.LVL11:
 336:Src/stm32f4xx_it.c ****   /* USER CODE BEGIN DMA2_Stream4_IRQn 1 */
 337:Src/stm32f4xx_it.c **** 
 338:Src/stm32f4xx_it.c ****   /* USER CODE END DMA2_Stream4_IRQn 1 */
 339:Src/stm32f4xx_it.c **** }
 500              		.loc 1 339 1 is_stmt 0 view .LVU57
 501 0008 08BD     		pop	{r3, pc}
 502              	.L52:
 503 000a 00BF     		.align	2
 504              	.L51:
 505 000c 00000000 		.word	hdma_adc1
 506              		.cfi_endproc
 507              	.LFE652:
 509              		.section	.text.OTG_FS_IRQHandler,"ax",%progbits
 510              		.align	1
 511              		.global	OTG_FS_IRQHandler
 512              		.syntax unified
 513              		.thumb
 514              		.thumb_func
 516              	OTG_FS_IRQHandler:
 517              	.LFB653:
 340:Src/stm32f4xx_it.c **** 
 341:Src/stm32f4xx_it.c **** /**
 342:Src/stm32f4xx_it.c ****   * @brief This function handles USB On The Go FS global interrupt.
 343:Src/stm32f4xx_it.c ****   */
 344:Src/stm32f4xx_it.c **** void OTG_FS_IRQHandler(void)
 345:Src/stm32f4xx_it.c **** {
 518              		.loc 1 345 1 is_stmt 1 view -0
 519              		.cfi_startproc
 520              		@ args = 0, pretend = 0, frame = 0
 521              		@ frame_needed = 0, uses_anonymous_args = 0
 522 0000 08B5     		push	{r3, lr}
 523              	.LCFI11:
 524              		.cfi_def_cfa_offset 8
 525              		.cfi_offset 3, -8
 526              		.cfi_offset 14, -4
 346:Src/stm32f4xx_it.c ****   /* USER CODE BEGIN OTG_FS_IRQn 0 */
 347:Src/stm32f4xx_it.c **** 
 348:Src/stm32f4xx_it.c ****   /* USER CODE END OTG_FS_IRQn 0 */
 349:Src/stm32f4xx_it.c ****   HAL_PCD_IRQHandler(&hpcd_USB_OTG_FS);
 527              		.loc 1 349 3 view .LVU59
 528 0002 0248     		ldr	r0, .L55
 529 0004 FFF7FEFF 		bl	HAL_PCD_IRQHandler
 530              	.LVL12:
 350:Src/stm32f4xx_it.c ****   /* USER CODE BEGIN OTG_FS_IRQn 1 */
 351:Src/stm32f4xx_it.c **** 
 352:Src/stm32f4xx_it.c ****   /* USER CODE END OTG_FS_IRQn 1 */
 353:Src/stm32f4xx_it.c **** }
 531              		.loc 1 353 1 is_stmt 0 view .LVU60
 532 0008 08BD     		pop	{r3, pc}
 533              	.L56:
 534 000a 00BF     		.align	2
ARM GAS  C:\Users\7636~1\AppData\Local\Temp\ccxsW1hp.s 			page 16


 535              	.L55:
 536 000c 00000000 		.word	hpcd_USB_OTG_FS
 537              		.cfi_endproc
 538              	.LFE653:
 540              		.section	.text.DMA2_Stream7_IRQHandler,"ax",%progbits
 541              		.align	1
 542              		.global	DMA2_Stream7_IRQHandler
 543              		.syntax unified
 544              		.thumb
 545              		.thumb_func
 547              	DMA2_Stream7_IRQHandler:
 548              	.LFB654:
 354:Src/stm32f4xx_it.c **** 
 355:Src/stm32f4xx_it.c **** /**
 356:Src/stm32f4xx_it.c ****   * @brief This function handles DMA2 stream7 global interrupt.
 357:Src/stm32f4xx_it.c ****   */
 358:Src/stm32f4xx_it.c **** void DMA2_Stream7_IRQHandler(void)
 359:Src/stm32f4xx_it.c **** {
 549              		.loc 1 359 1 is_stmt 1 view -0
 550              		.cfi_startproc
 551              		@ args = 0, pretend = 0, frame = 0
 552              		@ frame_needed = 0, uses_anonymous_args = 0
 553 0000 08B5     		push	{r3, lr}
 554              	.LCFI12:
 555              		.cfi_def_cfa_offset 8
 556              		.cfi_offset 3, -8
 557              		.cfi_offset 14, -4
 360:Src/stm32f4xx_it.c ****   /* USER CODE BEGIN DMA2_Stream7_IRQn 0 */
 361:Src/stm32f4xx_it.c **** 
 362:Src/stm32f4xx_it.c ****   /* USER CODE END DMA2_Stream7_IRQn 0 */
 363:Src/stm32f4xx_it.c ****   HAL_DMA_IRQHandler(&hdma_usart1_tx);
 558              		.loc 1 363 3 view .LVU62
 559 0002 0248     		ldr	r0, .L59
 560 0004 FFF7FEFF 		bl	HAL_DMA_IRQHandler
 561              	.LVL13:
 364:Src/stm32f4xx_it.c ****   /* USER CODE BEGIN DMA2_Stream7_IRQn 1 */
 365:Src/stm32f4xx_it.c **** 
 366:Src/stm32f4xx_it.c ****   /* USER CODE END DMA2_Stream7_IRQn 1 */
 367:Src/stm32f4xx_it.c **** }
 562              		.loc 1 367 1 is_stmt 0 view .LVU63
 563 0008 08BD     		pop	{r3, pc}
 564              	.L60:
 565 000a 00BF     		.align	2
 566              	.L59:
 567 000c 00000000 		.word	hdma_usart1_tx
 568              		.cfi_endproc
 569              	.LFE654:
 571              		.text
 572              	.Letext0:
 573              		.file 2 "c:\\arm-none-eabi-gcc\\arm-none-eabi\\include\\machine\\_default_types.h"
 574              		.file 3 "c:\\arm-none-eabi-gcc\\arm-none-eabi\\include\\sys\\_stdint.h"
 575              		.file 4 "Drivers/CMSIS/Device/ST/STM32F4xx/Include/stm32f401xc.h"
 576              		.file 5 "Drivers/STM32F4xx_HAL_Driver/Inc/stm32f4xx_hal_def.h"
 577              		.file 6 "Drivers/STM32F4xx_HAL_Driver/Inc/stm32f4xx_hal_dma.h"
 578              		.file 7 "Drivers/STM32F4xx_HAL_Driver/Inc/stm32f4xx_hal_rtc.h"
 579              		.file 8 "Drivers/STM32F4xx_HAL_Driver/Inc/stm32f4xx_hal_tim.h"
 580              		.file 9 "Drivers/STM32F4xx_HAL_Driver/Inc/stm32f4xx_ll_usb.h"
ARM GAS  C:\Users\7636~1\AppData\Local\Temp\ccxsW1hp.s 			page 17


 581              		.file 10 "Drivers/STM32F4xx_HAL_Driver/Inc/stm32f4xx_hal_pcd.h"
 582              		.file 11 "Drivers/STM32F4xx_HAL_Driver/Inc/stm32f4xx_hal.h"
 583              		.file 12 "Drivers/STM32F4xx_HAL_Driver/Inc/stm32f4xx_hal_rcc.h"
 584              		.file 13 "Drivers/STM32F4xx_HAL_Driver/Inc/stm32f4xx_ll_dma.h"
ARM GAS  C:\Users\7636~1\AppData\Local\Temp\ccxsW1hp.s 			page 18


DEFINED SYMBOLS
                            *ABS*:00000000 stm32f4xx_it.c
C:\Users\7636~1\AppData\Local\Temp\ccxsW1hp.s:20     .text.NMI_Handler:00000000 $t
C:\Users\7636~1\AppData\Local\Temp\ccxsW1hp.s:26     .text.NMI_Handler:00000000 NMI_Handler
C:\Users\7636~1\AppData\Local\Temp\ccxsW1hp.s:51     .text.HardFault_Handler:00000000 $t
C:\Users\7636~1\AppData\Local\Temp\ccxsW1hp.s:57     .text.HardFault_Handler:00000000 HardFault_Handler
C:\Users\7636~1\AppData\Local\Temp\ccxsW1hp.s:74     .text.MemManage_Handler:00000000 $t
C:\Users\7636~1\AppData\Local\Temp\ccxsW1hp.s:80     .text.MemManage_Handler:00000000 MemManage_Handler
C:\Users\7636~1\AppData\Local\Temp\ccxsW1hp.s:97     .text.BusFault_Handler:00000000 $t
C:\Users\7636~1\AppData\Local\Temp\ccxsW1hp.s:103    .text.BusFault_Handler:00000000 BusFault_Handler
C:\Users\7636~1\AppData\Local\Temp\ccxsW1hp.s:120    .text.UsageFault_Handler:00000000 $t
C:\Users\7636~1\AppData\Local\Temp\ccxsW1hp.s:126    .text.UsageFault_Handler:00000000 UsageFault_Handler
C:\Users\7636~1\AppData\Local\Temp\ccxsW1hp.s:143    .text.SVC_Handler:00000000 $t
C:\Users\7636~1\AppData\Local\Temp\ccxsW1hp.s:149    .text.SVC_Handler:00000000 SVC_Handler
C:\Users\7636~1\AppData\Local\Temp\ccxsW1hp.s:162    .text.DebugMon_Handler:00000000 $t
C:\Users\7636~1\AppData\Local\Temp\ccxsW1hp.s:168    .text.DebugMon_Handler:00000000 DebugMon_Handler
C:\Users\7636~1\AppData\Local\Temp\ccxsW1hp.s:181    .text.PendSV_Handler:00000000 $t
C:\Users\7636~1\AppData\Local\Temp\ccxsW1hp.s:187    .text.PendSV_Handler:00000000 PendSV_Handler
C:\Users\7636~1\AppData\Local\Temp\ccxsW1hp.s:200    .text.SysTick_Handler:00000000 $t
C:\Users\7636~1\AppData\Local\Temp\ccxsW1hp.s:206    .text.SysTick_Handler:00000000 SysTick_Handler
C:\Users\7636~1\AppData\Local\Temp\ccxsW1hp.s:226    .text.DMA1_Stream0_IRQHandler:00000000 $t
C:\Users\7636~1\AppData\Local\Temp\ccxsW1hp.s:232    .text.DMA1_Stream0_IRQHandler:00000000 DMA1_Stream0_IRQHandler
C:\Users\7636~1\AppData\Local\Temp\ccxsW1hp.s:252    .text.DMA1_Stream0_IRQHandler:0000000c $d
C:\Users\7636~1\AppData\Local\Temp\ccxsW1hp.s:257    .text.TIM1_UP_TIM10_IRQHandler:00000000 $t
C:\Users\7636~1\AppData\Local\Temp\ccxsW1hp.s:263    .text.TIM1_UP_TIM10_IRQHandler:00000000 TIM1_UP_TIM10_IRQHandler
C:\Users\7636~1\AppData\Local\Temp\ccxsW1hp.s:287    .text.TIM1_UP_TIM10_IRQHandler:00000010 $d
C:\Users\7636~1\AppData\Local\Temp\ccxsW1hp.s:293    .text.TIM3_IRQHandler:00000000 $t
C:\Users\7636~1\AppData\Local\Temp\ccxsW1hp.s:299    .text.TIM3_IRQHandler:00000000 TIM3_IRQHandler
C:\Users\7636~1\AppData\Local\Temp\ccxsW1hp.s:319    .text.TIM3_IRQHandler:0000000c $d
C:\Users\7636~1\AppData\Local\Temp\ccxsW1hp.s:324    .text.RTC_Alarm_IRQHandler:00000000 $t
C:\Users\7636~1\AppData\Local\Temp\ccxsW1hp.s:330    .text.RTC_Alarm_IRQHandler:00000000 RTC_Alarm_IRQHandler
C:\Users\7636~1\AppData\Local\Temp\ccxsW1hp.s:350    .text.RTC_Alarm_IRQHandler:0000000c $d
C:\Users\7636~1\AppData\Local\Temp\ccxsW1hp.s:355    .text.DMA1_Stream7_IRQHandler:00000000 $t
C:\Users\7636~1\AppData\Local\Temp\ccxsW1hp.s:361    .text.DMA1_Stream7_IRQHandler:00000000 DMA1_Stream7_IRQHandler
C:\Users\7636~1\AppData\Local\Temp\ccxsW1hp.s:381    .text.DMA1_Stream7_IRQHandler:0000000c $d
C:\Users\7636~1\AppData\Local\Temp\ccxsW1hp.s:386    .text.DMA2_Stream0_IRQHandler:00000000 $t
C:\Users\7636~1\AppData\Local\Temp\ccxsW1hp.s:392    .text.DMA2_Stream0_IRQHandler:00000000 DMA2_Stream0_IRQHandler
C:\Users\7636~1\AppData\Local\Temp\ccxsW1hp.s:412    .text.DMA2_Stream0_IRQHandler:0000000c $d
C:\Users\7636~1\AppData\Local\Temp\ccxsW1hp.s:417    .text.DMA2_Stream2_IRQHandler:00000000 $t
C:\Users\7636~1\AppData\Local\Temp\ccxsW1hp.s:423    .text.DMA2_Stream2_IRQHandler:00000000 DMA2_Stream2_IRQHandler
C:\Users\7636~1\AppData\Local\Temp\ccxsW1hp.s:443    .text.DMA2_Stream2_IRQHandler:0000000c $d
C:\Users\7636~1\AppData\Local\Temp\ccxsW1hp.s:448    .text.DMA2_Stream3_IRQHandler:00000000 $t
C:\Users\7636~1\AppData\Local\Temp\ccxsW1hp.s:454    .text.DMA2_Stream3_IRQHandler:00000000 DMA2_Stream3_IRQHandler
C:\Users\7636~1\AppData\Local\Temp\ccxsW1hp.s:474    .text.DMA2_Stream3_IRQHandler:0000000c $d
C:\Users\7636~1\AppData\Local\Temp\ccxsW1hp.s:479    .text.DMA2_Stream4_IRQHandler:00000000 $t
C:\Users\7636~1\AppData\Local\Temp\ccxsW1hp.s:485    .text.DMA2_Stream4_IRQHandler:00000000 DMA2_Stream4_IRQHandler
C:\Users\7636~1\AppData\Local\Temp\ccxsW1hp.s:505    .text.DMA2_Stream4_IRQHandler:0000000c $d
C:\Users\7636~1\AppData\Local\Temp\ccxsW1hp.s:510    .text.OTG_FS_IRQHandler:00000000 $t
C:\Users\7636~1\AppData\Local\Temp\ccxsW1hp.s:516    .text.OTG_FS_IRQHandler:00000000 OTG_FS_IRQHandler
C:\Users\7636~1\AppData\Local\Temp\ccxsW1hp.s:536    .text.OTG_FS_IRQHandler:0000000c $d
C:\Users\7636~1\AppData\Local\Temp\ccxsW1hp.s:541    .text.DMA2_Stream7_IRQHandler:00000000 $t
C:\Users\7636~1\AppData\Local\Temp\ccxsW1hp.s:547    .text.DMA2_Stream7_IRQHandler:00000000 DMA2_Stream7_IRQHandler
C:\Users\7636~1\AppData\Local\Temp\ccxsW1hp.s:567    .text.DMA2_Stream7_IRQHandler:0000000c $d

UNDEFINED SYMBOLS
HAL_RCC_NMI_IRQHandler
HAL_IncTick
ARM GAS  C:\Users\7636~1\AppData\Local\Temp\ccxsW1hp.s 			page 19


HAL_DMA_IRQHandler
hdma_i2c1_rx
HAL_TIM_IRQHandler
htim1
htim10
htim3
HAL_RTC_AlarmIRQHandler
hrtc
hdma_i2c1_tx
hdma_spi1_rx
hdma_usart1_rx
hdma_spi1_tx
hdma_adc1
HAL_PCD_IRQHandler
hpcd_USB_OTG_FS
hdma_usart1_tx
